<?xml version="1.0" encoding="UTF-8"?>
<testng-results ignored="0" total="1" passed="1" failed="0" skipped="0">
  <reporter-output>
  </reporter-output>
  <suite started-at="2024-12-21T19:17:28 IST" name="Default suite" finished-at="2024-12-21T19:17:57 IST" duration-ms="28545">
    <groups>
    </groups>
    <test started-at="2024-12-21T19:17:28 IST" name="Default test" finished-at="2024-12-21T19:17:57 IST" duration-ms="28545">
      <class name="testpkg.Curatest">
        <test-method is-config="true" signature="setUp()[pri:0, instance:testpkg.Curatest@776a6d9b]" started-at="2024-12-21T19:17:28 IST" name="setUp" finished-at="2024-12-21T19:17:47 IST" duration-ms="18799" status="PASS">
          <reporter-output>
          </reporter-output>
        </test-method> <!-- setUp -->
        <test-method signature="test()[pri:0, instance:testpkg.Curatest@776a6d9b]" started-at="2024-12-21T19:17:47 IST" name="test" finished-at="2024-12-21T19:17:57 IST" duration-ms="9610" status="PASS">
          <reporter-output>
          </reporter-output>
        </test-method> <!-- test -->
      </class> <!-- testpkg.Curatest -->
    </test> <!-- Default test -->
  </suite> <!-- Default suite -->
</testng-results>
